* Running test rn_restrictions.veryslownetsend_testrecv.py        [ PASS ]
* Running test rn_restrictions.veryslownetsend_testloopsend.py    [ PASS ]
* Running test rn_restrictions.veryslowlooprecv_testsend.py       [ PASS ]
* Running test rn_restrictions.loose_testtoomanymess.py           [FAILED]
* Running test rn_restrictions.loose_testtoomanyconn.py           [FAILED]
* Running test rn_restrictions.loose_testnetmessportreuse.py      [ PASS ]
* Running test rz_restrictions.veryslowwrite_test.py              [FAILED]
* Running test rz_restrictions.veryslowread_test.py               [FAILED]
* Running test rz_restrictions.veryslownetsend_testsend.py        [FAILED]
* Running test rz_restrictions.veryslownetrecv_testrecv.py        [FAILED]
* Running test rz_restrictions.veryslowloopsend_testsend.py       [FAILED]
* Running test rz_restrictions.veryslowlooprecv_testrecv.py       [FAILED]
* Running test rz_restrictions.slowrandom_test.py                 [FAILED]
* Running test rz_restrictions.loose_testtoomanyopenfiles.py      [ PASS ]
* Running test rz_restrictions.loose_testremovefilepy.py          [ PASS ]
* Running test rz_restrictions.loose_testnetmixtoomany.py         [ PASS ]
* Running test rz_restrictions.loose_testnetmesstoomany.py        [ PASS ]
* Running test rz_restrictions.loose_testnetconntoomany.py        [ PASS ]
* Running test rz_restrictions.fewevents_testtoomanymess.py       [ PASS ]
* Running test rz_restrictions.fewevents_testtoomanyconn.py       [ PASS ]
* Running test rz_restrictions.fewevents_selectorstops.py         [FAILED]
* Running test rz_restrictions.comment_test.py                    [ PASS ]
* Running test rz_restrictions.callwithands_test.py               [ PASS ]
* Running test rb_restrictions.slowlog_testprint.py               [ PASS ]
* Running test re_restrictions.tinydisk_testdiskquota.py          [ PASS ]
* Running test re_restrictions.severalports_testnetmixtoomany.py  [ PASS ]
* Running test re_restrictions.severalports_testnetmesstoomany.py [ PASS ]
* Running test re_restrictions.severalports_testnetconntoomany.py [ PASS ]
* Running test re_restrictions.nolog_test.py                      [FAILED]
* Running test re_restrictions.missing_test.py                    [FAILED]
* Running test re_restrictions.firsttoken_test.py                 [FAILED]
* Running test re_restrictions.fewevents_testlotsoftimers.py      [ PASS ]
* Running test re_restrictions.empty_testrequiredresources.py     [FAILED]
* Running test re_restrictions.dup_test.py                        [FAILED]
* Running test re_restrictions.commentedout_test.py               [FAILED]
* Running test re_restrictions.callorder_test.py                  [ PASS ]
* Running test re_restrictions.callomit_test.py                   [ PASS ]
* Running test re_restrictions.badresourceval_test.py             [FAILED]
* Running test re_restrictions.badresource_test.py                [FAILED]
* Running test re_restrictions.badresource2_test.py               [FAILED]
* Running test re_restrictions.badcallrulenoargval_test.py        [FAILED]
* Running test re_restrictions.badcallrulenoargnum_test.py        [FAILED]
* Running test re_restrictions.badcallrulenoargis_test.py         [FAILED]
* Running test re_restrictions.badcallruleargval_test.py          [FAILED]
* Running test re_restrictions.badcallruleargnum_test.py          [FAILED]
* Running test re_restrictions.badcallruleargis_test.py           [FAILED]
* Running test re_restrictions.badcallname_test.py                [FAILED]
* Running test rl_restrictions.looselog_testlogging4.py           [FAILED]
* Running test s_testwritelines.py                                [ PASS ]
* Running test s_testwrite2.py                                    [ PASS ]
* Running test s_testwrite.py                                     [ PASS ]
* Running test s_testseek.py                                      [ PASS ]
* Running test s_testreadlines.py                                 [ PASS ]
* Running test s_testreadline.py                                  [ PASS ]
* Running test s_testread.py                                      [ PASS ]
* Running test s_testopen.py                                      [ PASS ]
* Running test s_testnext.py                                      [ PASS ]
* Running test s_testflush.py                                     [ PASS ]
* Running test s_testfileinit.py                                  [ PASS ]
* Running test s_testclose.py                                     [ PASS ]
* Running test n_testwaitingfortimers.py                          [ PASS ]
* Running test n_testtryfinally.py                                [ PASS ]
* Running test n_testtimersettingtimer.py                         [ PASS ]
* Running test n_testtimermoreargs.py                             [ PASS ]
* Running test n_testtimerconcurrency.py                          [ PASS ]
* Running test n_testtimerargs.py                                 [ PASS ]
* Running test n_testtimer.py                                     [ PASS ]
* Running test n_testsleep3.py                                    [FAILED]
* Running test n_testprint.py                                     [FAILED]
* Running test n_testnetsendrecvmess.py                           [ PASS ]
* Running test n_testmycontext2.py                                [ PASS ]
* Running test n_testmycontext.py                                 [ PASS ]
* Running test n_testlotsoftimers.py                              [ PASS ]
* Running test n_testloopbacksendrecvmess.py                      [ PASS ]
* Running test n_testinterruptsockets.py                          [FAILED]
* Running test n_testinit.py                                      [ PASS ]
* Running test n_testexit.py                                      [ PASS ]
* Running test n_slowwritetest.py                                 [FAILED]
* Running test n_slowreadtest.py                                  [FAILED]
* Running test n_selectorstops.py                                 [FAILED]
* Running test n_randomratetest.py                                [FAILED]
* Running test z_testtryexcept.py                                 [ PASS ]
* Running test z_teststringwith__.py                              [ PASS ]
* Running test z_teststopcomm2.py                                 [ PASS ]
* Running test z_teststopcomm.py                                  [ PASS ]
* Running test z_testsleep2.py                                    [ PASS ]
* Running test z_testsleep.py                                     [ PASS ]
* Running test z_testremovefile.py                                [ PASS ]
* Running test z_testrandom.py                                    [ PASS ]
* Running test z_testraise.py                                     [ PASS ]
* Running test z_testopenpy.py                                    [ PASS ]
* Running test z_testnetmessdup.py                                [FAILED]
* Running test z_testnetconndup.py                                [FAILED]
* Running test z_testnetconnclose.py                              [FAILED]
* Running test z_testnetconn.py                                   [FAILED]
* Running test z_testmanyopenfileswithcloses.py                   [ PASS ]
* Running test z_testloopbackconn.py                              [ PASS ]
* Running test z_testlock2.py                                     [ PASS ]
* Running test z_testlock.py                                      [ PASS ]
* Running test z_testlistdir2.py                                  [ PASS ]
* Running test z_testlistdir.py                                   [ PASS ]
* Running test z_testinterruptsockets.py                          [FAILED]
* Running test z_testgetruntime2.py                               [ PASS ]
* Running test z_testgetruntime.py                                [ PASS ]
* Running test z_testgetmyip.py                                   [FAILED]
* Running test z_testgethostbyname_ex.py                          [FAILED]
* Running test z_testexitall2.py                                  [FAILED]
* Running test z_testexitall.py                                   [FAILED]
* Running test z_testexit.py                                      [ PASS ]
* Running test z_testcomment.py                                   [ PASS ]
* Running test z_testchrord.py                                    [ PASS ]
* Running test z_testcanceltimer.py                               [ PASS ]
* Running test z_testgetruntime3.py                               [ PASS ]
* Running test z_testnetbothdup.py                                [FAILED]
* Running test z_testnetconndupgoodhandle.py                      [FAILED]
* Running test z_testnetmessdupgoodhandle.py                      [FAILED]
* Running test e_testzeroip.py                                    [ PASS ]
* Running test e_testtoomanyopenfiles.py                          [ PASS ]
* Running test e_testsetattrsys.py                                [ PASS ]
* Running test e_testremoveopenfile.py                            [ PASS ]
* Running test e_testremovefilefnf.py                             [ PASS ]
* Running test e_testopenparentdir.py                             [ PASS ]
* Running test e_testopenoddchars.py                              [ PASS ]
* Running test e_testopendotdot.py                                [ PASS ]
* Running test e_testopendot.py                                   [ PASS ]
* Running test e_testnullip.py                                    [ PASS ]
* Running test e_testnetconntoomany.py                            [ PASS ]
* Running test e_testmemoryquota.py                               [ PASS ]
* Running test e_import.py                                        [ PASS ]
* Running test e_global.py                                        [ PASS ]
* Running test e_exec.py                                          [ PASS ]
* Running test e_eval.py                                          [ PASS ]
* Running test e_testmemoryallocwithexceptions.py                 [FAILED]
* Running test l_testlogging3.py                                  [ PASS ]
* Running test l_testlogging2.py                                  [FAILED]
* Running test l_testlogging.py                                   [ PASS ]
* Pass: 88, Failed 48